<?xml version="1.0" encoding="UTF-8"?>
<coverage generated="1642118781728" clover="3.2.0">
  <project timestamp="1642118781728" name="All files">
    <metrics statements="12" coveredstatements="11" conditionals="4" coveredconditionals="3" methods="5" coveredmethods="5" elements="21" coveredelements="19" complexity="0" loc="12" ncloc="12" packages="1" files="2" classes="2"/>
    <file name="List.vue" path="/Users/smeroglu/Desktop/Smart-Search/src/components/List.vue">
      <metrics statements="1" coveredstatements="1" conditionals="0" coveredconditionals="0" methods="1" coveredmethods="1"/>
      <line num="30" count="1" type="stmt"/>
    </file>
    <file name="SearchBar.vue" path="/Users/smeroglu/Desktop/Smart-Search/src/components/SearchBar.vue">
      <metrics statements="11" coveredstatements="10" conditionals="4" coveredconditionals="3" methods="4" coveredmethods="4"/>
      <line num="18" count="1" type="stmt"/>
      <line num="19" count="1" type="stmt"/>
      <line num="26" count="1" type="stmt"/>
      <line num="35" count="1" type="cond" truecount="1" falsecount="1"/>
      <line num="36" count="1" type="stmt"/>
      <line num="38" count="0" type="stmt"/>
      <line num="40" count="1" type="stmt"/>
      <line num="41" count="100" type="stmt"/>
      <line num="45" count="1" type="stmt"/>
      <line num="52" count="2" type="stmt"/>
      <line num="53" count="3" type="cond" truecount="2" falsecount="0"/>
    </file>
  </project>
</coverage>
