{"/Users/smeroglu/Desktop/Smart-Search/src/components/List.vue": {"path":"/Users/smeroglu/Desktop/Smart-Search/src/components/List.vue","statementMap":{"0":{"start":{"line":30,"column":0},"end":{"line":30,"column":null}}},"fnMap":{"0":{"name":"(anonymous_1)","decl":{"start":{"line":29,"column":0},"end":{"line":29,"column":null}},"loc":{"start":{"line":29,"column":0},"end":{"line":31,"column":null}}}},"branchMap":{},"s":{"0":1},"f":{"0":1},"b":{}}
,"/Users/smeroglu/Desktop/Smart-Search/src/components/SearchBar.vue": {"path":"/Users/smeroglu/Desktop/Smart-Search/src/components/SearchBar.vue","statementMap":{"0":{"start":{"line":18,"column":0},"end":{"line":18,"column":null}},"1":{"start":{"line":19,"column":0},"end":{"line":19,"column":null}},"2":{"start":{"line":26,"column":0},"end":{"line":26,"column":null}},"3":{"start":{"line":35,"column":0},"end":{"line":39,"column":null}},"4":{"start":{"line":36,"column":0},"end":{"line":36,"column":null}},"5":{"start":{"line":38,"column":0},"end":{"line":38,"column":null}},"6":{"start":{"line":40,"column":0},"end":{"line":44,"column":null}},"7":{"start":{"line":41,"column":0},"end":{"line":41,"column":null}},"8":{"start":{"line":45,"column":0},"end":{"line":45,"column":null}},"9":{"start":{"line":52,"column":0},"end":{"line":52,"column":null}},"10":{"start":{"line":53,"column":0},"end":{"line":53,"column":null}}},"fnMap":{"0":{"name":"(anonymous_1)","decl":{"start":{"line":25,"column":0},"end":{"line":25,"column":null}},"loc":{"start":{"line":25,"column":0},"end":{"line":32,"column":null}}},"1":{"name":"(anonymous_2)","decl":{"start":{"line":34,"column":0},"end":{"line":34,"column":null}},"loc":{"start":{"line":34,"column":0},"end":{"line":46,"column":null}}},"2":{"name":"(anonymous_3)","decl":{"start":{"line":40,"column":0},"end":{"line":40,"column":null}},"loc":{"start":{"line":40,"column":0},"end":{"line":44,"column":null}}},"3":{"name":"(anonymous_4)","decl":{"start":{"line":51,"column":0},"end":{"line":51,"column":null}},"loc":{"start":{"line":51,"column":0},"end":{"line":54,"column":null}}}},"branchMap":{"0":{"loc":{"start":{"line":35,"column":0},"end":{"line":39,"column":null}},"type":"if","locations":[{"start":{"line":35,"column":0},"end":{"line":39,"column":null}},{"start":{"line":35,"column":0},"end":{"line":39,"column":null}}]},"1":{"loc":{"start":{"line":53,"column":0},"end":{"line":53,"column":null}},"type":"if","locations":[{"start":{"line":53,"column":0},"end":{"line":53,"column":null}},{"start":{"line":53,"column":0},"end":{"line":53,"column":null}}]}},"s":{"0":1,"1":1,"2":1,"3":1,"4":1,"5":0,"6":1,"7":100,"8":1,"9":2,"10":3},"f":{"0":1,"1":1,"2":100,"3":2},"b":{"0":[1,0],"1":[1,1]}}
}
