TN:
SF:/Users/smeroglu/Desktop/Smart-Search/src/components/List.vue
FN:29,(anonymous_1)
FNF:1
FNH:1
FNDA:1,(anonymous_1)
DA:30,1
LF:1
LH:1
BRF:0
BRH:0
end_of_record
TN:
SF:/Users/smeroglu/Desktop/Smart-Search/src/components/SearchBar.vue
FN:25,(anonymous_1)
FN:34,(anonymous_2)
FN:40,(anonymous_3)
FN:51,(anonymous_4)
FNF:4
FNH:4
FNDA:1,(anonymous_1)
FNDA:1,(anonymous_2)
FNDA:100,(anonymous_3)
FNDA:2,(anonymous_4)
DA:18,1
DA:19,1
DA:26,1
DA:35,1
DA:36,1
DA:38,0
DA:40,1
DA:41,100
DA:45,1
DA:52,2
DA:53,3
LF:11
LH:10
BRDA:35,0,0,1
BRDA:35,0,1,0
BRDA:53,1,0,1
BRDA:53,1,1,1
BRF:4
BRH:3
end_of_record
